Using pre-set license
Built from '2020.3/staging' branch; Version is '2020.3.11f1 (99c7afb366b3) revision 10078127'; Using compiler version '192528614'; Build Type 'Release'
OS: 'Windows 10 Home; OS build 19042.1052; Version 2009; 64bit' Language: 'en' Physical Memory: 32504 MB
BatchMode: 1, IsHumanControllingUs: 0, StartBugReporterOnCrash: 0, Is64bit: 1, IsPro: 0

 COMMAND LINE ARGUMENTS:
C:\Program Files\Unity\Hub\Editor\2020.3.11f1\Editor\Unity.exe
-adb2
-batchMode
-noUpm
-name
AssetImportWorker0
-projectPath
C:/Users/corba/OneDrive/Desktop/GitHub/Cube_Run/Unity/New Unity Project
-logFile
Logs/AssetImportWorker0.log
-srvPort
53740
Successfully changed project path to: C:/Users/corba/OneDrive/Desktop/GitHub/Cube_Run/Unity/New Unity Project
C:/Users/corba/OneDrive/Desktop/GitHub/Cube_Run/Unity/New Unity Project
Using Asset Import Pipeline V2.
Refreshing native plugins compatible for Editor in 38.53 ms, found 2 plugins.
Preloading 0 native plugins for Editor in 0.00 ms.
Initialize engine version: 2020.3.11f1 (99c7afb366b3)
[Subsystems] Discovering subsystems at path C:/Program Files/Unity/Hub/Editor/2020.3.11f1/Editor/Data/Resources/UnitySubsystems
[Subsystems] Discovering subsystems at path C:/Users/corba/OneDrive/Desktop/GitHub/Cube_Run/Unity/New Unity Project/Assets
GfxDevice: creating device client; threaded=0
Direct3D:
    Version:  Direct3D 11.0 [level 11.1]
    Renderer: NVIDIA GeForce GTX 1050 Ti with Max-Q Design (ID=0x1c8c)
    Vendor:   
    VRAM:     4021 MB
    Driver:   27.21.14.6231
Initialize mono
Mono path[0] = 'C:/Program Files/Unity/Hub/Editor/2020.3.11f1/Editor/Data/Managed'
Mono path[1] = 'C:/Program Files/Unity/Hub/Editor/2020.3.11f1/Editor/Data/MonoBleedingEdge/lib/mono/unityjit'
Mono config path = 'C:/Program Files/Unity/Hub/Editor/2020.3.11f1/Editor/Data/MonoBleedingEdge/etc'
Using monoOptions --debugger-agent=transport=dt_socket,embedding=1,server=y,suspend=n,address=127.0.0.1:56056
Begin MonoManager ReloadAssembly
Registering precompiled unity dll's ...
Register platform support module: C:/Program Files/Unity/Hub/Editor/2020.3.11f1/Editor/Data/PlaybackEngines/WebGLSupport/UnityEditor.WebGL.Extensions.dll
Register platform support module: C:/Program Files/Unity/Hub/Editor/2020.3.11f1/Editor/Data/PlaybackEngines/WindowsStandaloneSupport/UnityEditor.WindowsStandalone.Extensions.dll
Registered in 0.002454 seconds.
Native extension for WindowsStandalone target not found
Native extension for WebGL target not found
Refreshing native plugins compatible for Editor in 26.84 ms, found 2 plugins.
Preloading 0 native plugins for Editor in 0.00 ms.
Mono: successfully reloaded assembly
- Completed reload, in  1.172 seconds
Platform modules already initialized, skipping
Registering precompiled user dll's ...
Registered in 0.004309 seconds.
Begin MonoManager ReloadAssembly
Native extension for WindowsStandalone target not found
Native extension for WebGL target not found
Refreshing native plugins compatible for Editor in 0.30 ms, found 2 plugins.
Preloading 0 native plugins for Editor in 0.00 ms.
Mono: successfully reloaded assembly
- Completed reload, in  1.022 seconds
Platform modules already initialized, skipping
========================================================================
Worker process is ready to serve import requests
Launched and connected shader compiler UnityShaderCompiler.exe after 0.05 seconds
Refreshing native plugins compatible for Editor in 0.28 ms, found 2 plugins.
Preloading 0 native plugins for Editor in 0.00 ms.
Unloading 1387 Unused Serialized files (Serialized files now loaded: 0)
System memory in use before: 64.7 MB.
System memory in use after: 64.8 MB.

Unloading 19 unused Assets to reduce memory usage. Loaded Objects now: 1820.
Total: 1.672900 ms (FindLiveObjects: 0.117100 ms CreateObjectMapping: 0.032600 ms MarkObjects: 1.456800 ms  DeleteObjects: 0.065600 ms)

========================================================================
Received Import Request.
  path: Assets/PlayerMat.mat
  artifactKey: Guid(d4db3d2dff4384546a9edb19209b4e11) Importer(815301076,1909f56bfc062723c751e8b465ee728b)
Start importing Assets/PlayerMat.mat using Guid(d4db3d2dff4384546a9edb19209b4e11) Importer(815301076,1909f56bfc062723c751e8b465ee728b)  -> (artifact id: 'e71516ff040dceae84546cf92be0b46c') in 0.107251 seconds
  Import took 0.109672 seconds .

========================================================================
Received Import Request.
  Time since last request: 79629.125657 seconds.
  path: Assets/PlayerMovement.cs
  artifactKey: Guid(27ec1bf1c086fef4aa5a4d0811bcb84e) Importer(815301076,1909f56bfc062723c751e8b465ee728b)
Start importing Assets/PlayerMovement.cs using Guid(27ec1bf1c086fef4aa5a4d0811bcb84e) Importer(815301076,1909f56bfc062723c751e8b465ee728b)  -> (artifact id: '4b320ebc98b53f29757ec2b172bc9ee3') in 0.024024 seconds
  Import took 0.027481 seconds .

========================================================================
Received Prepare
Registering precompiled user dll's ...
Registered in 0.085879 seconds.
Begin MonoManager ReloadAssembly
Native extension for WindowsStandalone target not found
Native extension for WebGL target not found
Refreshing native plugins compatible for Editor in 0.30 ms, found 2 plugins.
Preloading 0 native plugins for Editor in 0.00 ms.
Mono: successfully reloaded assembly
- Completed reload, in  0.996 seconds
Platform modules already initialized, skipping
Refreshing native plugins compatible for Editor in 0.30 ms, found 2 plugins.
Preloading 0 native plugins for Editor in 0.00 ms.
Unloading 1381 Unused Serialized files (Serialized files now loaded: 0)
System memory in use before: 68.0 MB.
System memory in use after: 68.0 MB.

Unloading 15 unused Assets to reduce memory usage. Loaded Objects now: 1862.
Total: 1.800300 ms (FindLiveObjects: 0.133100 ms CreateObjectMapping: 0.036500 ms MarkObjects: 1.569500 ms  DeleteObjects: 0.060400 ms)

========================================================================
Received Prepare
Registering precompiled user dll's ...
Registered in 0.006038 seconds.
Begin MonoManager ReloadAssembly
Native extension for WindowsStandalone target not found
Native extension for WebGL target not found
Refreshing native plugins compatible for Editor in 0.33 ms, found 2 plugins.
Preloading 0 native plugins for Editor in 0.00 ms.
Mono: successfully reloaded assembly
- Completed reload, in  0.998 seconds
Platform modules already initialized, skipping
Refreshing native plugins compatible for Editor in 0.28 ms, found 2 plugins.
Preloading 0 native plugins for Editor in 0.00 ms.
Unloading 1382 Unused Serialized files (Serialized files now loaded: 0)
System memory in use before: 68.0 MB.
System memory in use after: 68.1 MB.

Unloading 14 unused Assets to reduce memory usage. Loaded Objects now: 1866.
Total: 1.810200 ms (FindLiveObjects: 0.150600 ms CreateObjectMapping: 0.037300 ms MarkObjects: 1.559200 ms  DeleteObjects: 0.062100 ms)

========================================================================
Received Import Request.
  Time since last request: 355.915712 seconds.
  path: Assets/PlayerMovement.cs
  artifactKey: Guid(27ec1bf1c086fef4aa5a4d0811bcb84e) Importer(815301076,1909f56bfc062723c751e8b465ee728b)
Start importing Assets/PlayerMovement.cs using Guid(27ec1bf1c086fef4aa5a4d0811bcb84e) Importer(815301076,1909f56bfc062723c751e8b465ee728b)  -> (artifact id: '1db6809f1b9d28cf495f6d721fd531dc') in 0.010832 seconds
  Import took 0.013490 seconds .

========================================================================
Received Prepare
Registering precompiled user dll's ...
Registered in 0.005381 seconds.
Begin MonoManager ReloadAssembly
Native extension for WindowsStandalone target not found
Native extension for WebGL target not found
Refreshing native plugins compatible for Editor in 0.29 ms, found 2 plugins.
Preloading 0 native plugins for Editor in 0.00 ms.
Mono: successfully reloaded assembly
- Completed reload, in  0.937 seconds
Platform modules already initialized, skipping
Refreshing native plugins compatible for Editor in 0.29 ms, found 2 plugins.
Preloading 0 native plugins for Editor in 0.00 ms.
Unloading 1382 Unused Serialized files (Serialized files now loaded: 0)
System memory in use before: 68.0 MB.
System memory in use after: 68.1 MB.

Unloading 14 unused Assets to reduce memory usage. Loaded Objects now: 1869.
Total: 2.246100 ms (FindLiveObjects: 0.146900 ms CreateObjectMapping: 0.040100 ms MarkObjects: 2.008200 ms  DeleteObjects: 0.049800 ms)

========================================================================
Received Import Request.
  Time since last request: 108.594491 seconds.
  path: Assets/PlayerMovement.cs
  artifactKey: Guid(27ec1bf1c086fef4aa5a4d0811bcb84e) Importer(815301076,1909f56bfc062723c751e8b465ee728b)
Start importing Assets/PlayerMovement.cs using Guid(27ec1bf1c086fef4aa5a4d0811bcb84e) Importer(815301076,1909f56bfc062723c751e8b465ee728b)  -> (artifact id: '5e557f4cc6b0d594f82ce93071cf4110') in 0.006938 seconds
  Import took 0.009251 seconds .

========================================================================
Received Import Request.
  Time since last request: 1.053543 seconds.
  path: Assets/PlayerMovement.cs
  artifactKey: Guid(27ec1bf1c086fef4aa5a4d0811bcb84e) Importer(815301076,1909f56bfc062723c751e8b465ee728b)
Start importing Assets/PlayerMovement.cs using Guid(27ec1bf1c086fef4aa5a4d0811bcb84e) Importer(815301076,1909f56bfc062723c751e8b465ee728b)  -> (artifact id: '5e557f4cc6b0d594f82ce93071cf4110') in 0.002818 seconds
  Import took 0.005064 seconds .

========================================================================
Received Prepare
Registering precompiled user dll's ...
Registered in 0.005215 seconds.
Begin MonoManager ReloadAssembly
Native extension for WindowsStandalone target not found
Native extension for WebGL target not found
Refreshing native plugins compatible for Editor in 0.29 ms, found 2 plugins.
Preloading 0 native plugins for Editor in 0.00 ms.
Mono: successfully reloaded assembly
- Completed reload, in  0.898 seconds
Platform modules already initialized, skipping
Refreshing native plugins compatible for Editor in 0.28 ms, found 2 plugins.
Preloading 0 native plugins for Editor in 0.00 ms.
Unloading 1382 Unused Serialized files (Serialized files now loaded: 0)
System memory in use before: 68.0 MB.
System memory in use after: 68.1 MB.

Unloading 14 unused Assets to reduce memory usage. Loaded Objects now: 1872.
Total: 2.066700 ms (FindLiveObjects: 0.158500 ms CreateObjectMapping: 0.045700 ms MarkObjects: 1.808700 ms  DeleteObjects: 0.052800 ms)

========================================================================
Received Import Request.
  Time since last request: 104.202453 seconds.
  path: Assets/PlayerMovement.cs
  artifactKey: Guid(27ec1bf1c086fef4aa5a4d0811bcb84e) Importer(815301076,1909f56bfc062723c751e8b465ee728b)
Start importing Assets/PlayerMovement.cs using Guid(27ec1bf1c086fef4aa5a4d0811bcb84e) Importer(815301076,1909f56bfc062723c751e8b465ee728b)  -> (artifact id: '1c3e4bfe38cb259a8f8131089a7716f6') in 0.009460 seconds
  Import took 0.011859 seconds .

========================================================================
Received Prepare
Registering precompiled user dll's ...
Registered in 0.005988 seconds.
Begin MonoManager ReloadAssembly
Native extension for WindowsStandalone target not found
Native extension for WebGL target not found
Refreshing native plugins compatible for Editor in 0.66 ms, found 2 plugins.
Preloading 0 native plugins for Editor in 0.00 ms.
Mono: successfully reloaded assembly
- Completed reload, in  0.979 seconds
Platform modules already initialized, skipping
Refreshing native plugins compatible for Editor in 0.28 ms, found 2 plugins.
Preloading 0 native plugins for Editor in 0.00 ms.
Unloading 1382 Unused Serialized files (Serialized files now loaded: 0)
System memory in use before: 68.0 MB.
System memory in use after: 68.1 MB.

Unloading 14 unused Assets to reduce memory usage. Loaded Objects now: 1875.
Total: 1.988300 ms (FindLiveObjects: 0.155400 ms CreateObjectMapping: 0.038900 ms MarkObjects: 1.742400 ms  DeleteObjects: 0.050600 ms)

========================================================================
Received Import Request.
  Time since last request: 28.087446 seconds.
  path: Assets/PlayerMovement.cs
  artifactKey: Guid(27ec1bf1c086fef4aa5a4d0811bcb84e) Importer(815301076,1909f56bfc062723c751e8b465ee728b)
Start importing Assets/PlayerMovement.cs using Guid(27ec1bf1c086fef4aa5a4d0811bcb84e) Importer(815301076,1909f56bfc062723c751e8b465ee728b)  -> (artifact id: 'd3c57c98e03553d8f515f17c5f248f44') in 0.007117 seconds
  Import took 0.009253 seconds .

========================================================================
Received Prepare
Registering precompiled user dll's ...
Registered in 0.008978 seconds.
Begin MonoManager ReloadAssembly
Native extension for WindowsStandalone target not found
Native extension for WebGL target not found
Refreshing native plugins compatible for Editor in 0.29 ms, found 2 plugins.
Preloading 0 native plugins for Editor in 0.00 ms.
Mono: successfully reloaded assembly
- Completed reload, in  0.933 seconds
Platform modules already initialized, skipping
Refreshing native plugins compatible for Editor in 0.30 ms, found 2 plugins.
Preloading 0 native plugins for Editor in 0.00 ms.
Unloading 1382 Unused Serialized files (Serialized files now loaded: 0)
System memory in use before: 68.1 MB.
System memory in use after: 68.1 MB.

Unloading 14 unused Assets to reduce memory usage. Loaded Objects now: 1878.
Total: 1.828700 ms (FindLiveObjects: 0.140800 ms CreateObjectMapping: 0.048600 ms MarkObjects: 1.593000 ms  DeleteObjects: 0.045500 ms)

========================================================================
Received Import Request.
  Time since last request: 66.669561 seconds.
  path: Assets/PlayerMovement.cs
  artifactKey: Guid(27ec1bf1c086fef4aa5a4d0811bcb84e) Importer(815301076,1909f56bfc062723c751e8b465ee728b)
Start importing Assets/PlayerMovement.cs using Guid(27ec1bf1c086fef4aa5a4d0811bcb84e) Importer(815301076,1909f56bfc062723c751e8b465ee728b)  -> (artifact id: '0ab89658ca57342f0410f85ba57e9642') in 0.004772 seconds
  Import took 0.007054 seconds .

========================================================================
Received Import Request.
  Time since last request: 0.931528 seconds.
  path: Assets/PlayerMovement.cs
  artifactKey: Guid(27ec1bf1c086fef4aa5a4d0811bcb84e) Importer(815301076,1909f56bfc062723c751e8b465ee728b)
Start importing Assets/PlayerMovement.cs using Guid(27ec1bf1c086fef4aa5a4d0811bcb84e) Importer(815301076,1909f56bfc062723c751e8b465ee728b)  -> (artifact id: '0ab89658ca57342f0410f85ba57e9642') in 0.002608 seconds
  Import took 0.005039 seconds .

========================================================================
Received Prepare
Registering precompiled user dll's ...
Registered in 0.004803 seconds.
Begin MonoManager ReloadAssembly
Native extension for WindowsStandalone target not found
Native extension for WebGL target not found
Refreshing native plugins compatible for Editor in 0.28 ms, found 2 plugins.
Preloading 0 native plugins for Editor in 0.00 ms.
Mono: successfully reloaded assembly
- Completed reload, in  0.923 seconds
Platform modules already initialized, skipping
Refreshing native plugins compatible for Editor in 0.27 ms, found 2 plugins.
Preloading 0 native plugins for Editor in 0.00 ms.
Unloading 1382 Unused Serialized files (Serialized files now loaded: 0)
System memory in use before: 68.1 MB.
System memory in use after: 68.1 MB.

Unloading 14 unused Assets to reduce memory usage. Loaded Objects now: 1881.
Total: 1.932800 ms (FindLiveObjects: 0.130400 ms CreateObjectMapping: 0.037000 ms MarkObjects: 1.720800 ms  DeleteObjects: 0.043900 ms)

========================================================================
Received Import Request.
  Time since last request: 38.946270 seconds.
  path: Assets/PlayerMovement.cs
  artifactKey: Guid(27ec1bf1c086fef4aa5a4d0811bcb84e) Importer(815301076,1909f56bfc062723c751e8b465ee728b)
Start importing Assets/PlayerMovement.cs using Guid(27ec1bf1c086fef4aa5a4d0811bcb84e) Importer(815301076,1909f56bfc062723c751e8b465ee728b)  -> (artifact id: '1de93117929a0b88b6bae3c5bd7a409a') in 0.006849 seconds
  Import took 0.009002 seconds .

========================================================================
Received Prepare
Registering precompiled user dll's ...
Registered in 0.004817 seconds.
Begin MonoManager ReloadAssembly
Native extension for WindowsStandalone target not found
Native extension for WebGL target not found
Refreshing native plugins compatible for Editor in 0.46 ms, found 2 plugins.
Preloading 0 native plugins for Editor in 0.00 ms.
Mono: successfully reloaded assembly
- Completed reload, in  0.937 seconds
Platform modules already initialized, skipping
Refreshing native plugins compatible for Editor in 0.28 ms, found 2 plugins.
Preloading 0 native plugins for Editor in 0.00 ms.
Unloading 1382 Unused Serialized files (Serialized files now loaded: 0)
System memory in use before: 68.1 MB.
System memory in use after: 68.1 MB.

Unloading 14 unused Assets to reduce memory usage. Loaded Objects now: 1884.
Total: 2.670700 ms (FindLiveObjects: 0.131200 ms CreateObjectMapping: 0.035900 ms MarkObjects: 2.444700 ms  DeleteObjects: 0.058000 ms)

========================================================================
Received Import Request.
  Time since last request: 74.713652 seconds.
  path: Assets/PlayerMovement.cs
  artifactKey: Guid(27ec1bf1c086fef4aa5a4d0811bcb84e) Importer(815301076,1909f56bfc062723c751e8b465ee728b)
Start importing Assets/PlayerMovement.cs using Guid(27ec1bf1c086fef4aa5a4d0811bcb84e) Importer(815301076,1909f56bfc062723c751e8b465ee728b)  -> (artifact id: '308d0377f11005bc8cc9e4dada2498e8') in 0.006987 seconds
  Import took 0.009222 seconds .

========================================================================
Received Import Request.
  Time since last request: 0.975011 seconds.
  path: Assets/PlayerMovement.cs
  artifactKey: Guid(27ec1bf1c086fef4aa5a4d0811bcb84e) Importer(815301076,1909f56bfc062723c751e8b465ee728b)
Start importing Assets/PlayerMovement.cs using Guid(27ec1bf1c086fef4aa5a4d0811bcb84e) Importer(815301076,1909f56bfc062723c751e8b465ee728b)  -> (artifact id: '308d0377f11005bc8cc9e4dada2498e8') in 0.002873 seconds
  Import took 0.005160 seconds .

========================================================================
Received Prepare
Registering precompiled user dll's ...
Registered in 0.004797 seconds.
Begin MonoManager ReloadAssembly
Native extension for WindowsStandalone target not found
Native extension for WebGL target not found
Refreshing native plugins compatible for Editor in 0.28 ms, found 2 plugins.
Preloading 0 native plugins for Editor in 0.00 ms.
Mono: successfully reloaded assembly
- Completed reload, in  0.922 seconds
Platform modules already initialized, skipping
Refreshing native plugins compatible for Editor in 0.28 ms, found 2 plugins.
Preloading 0 native plugins for Editor in 0.00 ms.
Unloading 1382 Unused Serialized files (Serialized files now loaded: 0)
System memory in use before: 68.1 MB.
System memory in use after: 68.2 MB.

Unloading 14 unused Assets to reduce memory usage. Loaded Objects now: 1887.
Total: 2.635500 ms (FindLiveObjects: 0.236400 ms CreateObjectMapping: 0.084900 ms MarkObjects: 2.257400 ms  DeleteObjects: 0.055700 ms)

========================================================================
Received Prepare
Registering precompiled user dll's ...
Registered in 0.005691 seconds.
Begin MonoManager ReloadAssembly
Native extension for WindowsStandalone target not found
Native extension for WebGL target not found
Refreshing native plugins compatible for Editor in 0.28 ms, found 2 plugins.
Preloading 0 native plugins for Editor in 0.00 ms.
Mono: successfully reloaded assembly
- Completed reload, in  0.913 seconds
Platform modules already initialized, skipping
Refreshing native plugins compatible for Editor in 0.31 ms, found 2 plugins.
Preloading 0 native plugins for Editor in 0.00 ms.
Unloading 1382 Unused Serialized files (Serialized files now loaded: 0)
System memory in use before: 68.1 MB.
System memory in use after: 68.2 MB.

Unloading 14 unused Assets to reduce memory usage. Loaded Objects now: 1890.
Total: 2.081500 ms (FindLiveObjects: 0.149200 ms CreateObjectMapping: 0.037300 ms MarkObjects: 1.849900 ms  DeleteObjects: 0.044400 ms)

========================================================================
Received Import Request.
  Time since last request: 78.963361 seconds.
  path: Assets/PlayerMovement.cs
  artifactKey: Guid(27ec1bf1c086fef4aa5a4d0811bcb84e) Importer(815301076,1909f56bfc062723c751e8b465ee728b)
Start importing Assets/PlayerMovement.cs using Guid(27ec1bf1c086fef4aa5a4d0811bcb84e) Importer(815301076,1909f56bfc062723c751e8b465ee728b)  -> (artifact id: 'd9008d0d6722c7f5a37203823a317c58') in 0.006575 seconds
  Import took 0.008792 seconds .

========================================================================
Received Prepare
Registering precompiled user dll's ...
Registered in 0.005915 seconds.
Begin MonoManager ReloadAssembly
Native extension for WindowsStandalone target not found
Native extension for WebGL target not found
Refreshing native plugins compatible for Editor in 0.29 ms, found 2 plugins.
Preloading 0 native plugins for Editor in 0.00 ms.
Mono: successfully reloaded assembly
- Completed reload, in  0.912 seconds
Platform modules already initialized, skipping
Refreshing native plugins compatible for Editor in 0.32 ms, found 2 plugins.
Preloading 0 native plugins for Editor in 0.00 ms.
Unloading 1382 Unused Serialized files (Serialized files now loaded: 0)
System memory in use before: 68.1 MB.
System memory in use after: 68.2 MB.

Unloading 14 unused Assets to reduce memory usage. Loaded Objects now: 1893.
Total: 2.446900 ms (FindLiveObjects: 0.184900 ms CreateObjectMapping: 0.045500 ms MarkObjects: 2.158200 ms  DeleteObjects: 0.057400 ms)

